#
# There is insufficient memory for the Java Runtime Environment to continue.
# Native memory allocation (mmap) failed to map 132120576 bytes for G1 virtual space
# Possible reasons:
#   The system is out of physical RAM or swap space
#   The process is running with CompressedOops enabled, and the Java Heap may be blocking the growth of the native heap
# Possible solutions:
#   Reduce memory load on the system
#   Increase physical memory or swap space
#   Check if swap backing store is full
#   Decrease Java heap size (-Xmx/-Xms)
#   Decrease number of Java threads
#   Decrease Java thread stack sizes (-Xss)
#   Set larger code cache with -XX:ReservedCodeCacheSize=
#   JVM is running with Unscaled Compressed Oops mode in which the Java heap is
#     placed in the first 4GB address space. The Java Heap base address is the
#     maximum limit for the native heap growth. Please use -XX:HeapBaseMinAddress
#     to set the Java Heap base and to place the Java Heap above 4GB virtual address.
# This output file may be truncated or incomplete.
#
#  Out of Memory Error (os_windows.cpp:3527), pid=27080, tid=25968
#
# JRE version:  (19.0.1+10) (build )
# Java VM: Java HotSpot(TM) 64-Bit Server VM (19.0.1+10-21, mixed mode, sharing, tiered, compressed oops, compressed class ptrs, g1 gc, windows-amd64)
# No core dump will be written. Minidumps are not enabled by default on client versions of Windows
#

---------------  S U M M A R Y ------------

Command Line: -Dnet.bytebuddy.agent.attacher.dump= net.bytebuddy.agent.Attacher com.sun.tools.attach.VirtualMachine 20740 C:\Users\Angadi Sreenidhi\.m2\repository\net\bytebuddy\byte-buddy-agent\1.14.19\byte-buddy-agent-1.14.19.jar false 

Host: Intel(R) Core(TM) i5-1035G1 CPU @ 1.00GHz, 8 cores, 7G,  Windows 11 , 64 bit Build 26100 (10.0.26100.7309)
Time: Fri Dec 19 12:20:08 2025 India Standard Time elapsed time: 3.077585 seconds (0d 0h 0m 3s)

---------------  T H R E A D  ---------------

Current thread (0x000001d14363d470):  JavaThread "Unknown thread" [_thread_in_vm, id=25968, stack(0x0000004581100000,0x0000004581200000)]

Stack: [0x0000004581100000,0x0000004581200000]
Native frames: (J=compiled Java code, j=interpreted, Vv=VM code, C=native code)
V  [jvm.dll+0x6ee8fa]
V  [jvm.dll+0x857a1e]
V  [jvm.dll+0x85940e]
V  [jvm.dll+0x859ac3]
V  [jvm.dll+0x28291f]
V  [jvm.dll+0x6eb6e9]
V  [jvm.dll+0x6e028a]
V  [jvm.dll+0x357136]
V  [jvm.dll+0x35eb96]
V  [jvm.dll+0x3b555e]
V  [jvm.dll+0x3b578f]
V  [jvm.dll+0x32c6ea]
V  [jvm.dll+0x32d59e]
V  [jvm.dll+0x821b20]
V  [jvm.dll+0x3c27c1]
V  [jvm.dll+0x8022f1]
V  [jvm.dll+0x44b30f]
V  [jvm.dll+0x44cc91]
C  [jli.dll+0x5287]
C  [ucrtbase.dll+0x37b0]
C  [KERNEL32.DLL+0x2e8d7]
C  [ntdll.dll+0x8c53c]


---------------  P R O C E S S  ---------------

Threads class SMR info:
_java_thread_list=0x00007ffe264cd048, length=0, elements={
}

Java Threads: ( => current thread )

Other Threads:
  0x000001d14369dc40 WorkerThread "GC Thread#0" [stack: 0x0000004581200000,0x0000004581300000] [id=9584]
  0x000001d1436af2d0 ConcurrentGCThread "G1 Main Marker" [stack: 0x0000004581300000,0x0000004581400000] [id=19232]
  0x000001d1436b0d10 WorkerThread "G1 Conc#0" [stack: 0x0000004581400000,0x0000004581500000] [id=23984]

[error occurred during error reporting (printing all threads), id 0xc0000005, EXCEPTION_ACCESS_VIOLATION (0xc0000005) at pc=0x00007ffe25c8d127]

VM state: not at safepoint (not fully initialized)

VM Mutex/Monitor currently owned by a thread:  ([mutex/lock_event])
[0x000001d14363c3b0] Heap_lock - owner thread: 0x000001d14363d470

Heap address: 0x0000000083a00000, size: 1990 MB, Compressed Oops mode: 32-bit

CDS archive(s) mapped at: [0x0000000000000000-0x0000000000000000-0x0000000000000000), size 0, SharedBaseAddress: 0x0000000800000000, ArchiveRelocationMode: 0.
Narrow klass base: 0x0000000000000000, Narrow klass shift: 0, Narrow klass range: 0x0

GC Precious Log:
 CardTable entry size: 512
 Card Set container configuration: InlinePtr #cards 5 size 8 Array Of Cards #cards 12 size 40 Howl #buckets 4 coarsen threshold 1843 Howl Bitmap #cards 512 size 80 coarsen threshold 460 Card regions per heap region 1 cards per card region 2048

Heap:
 garbage-first heap   total 0K, used 0K [0x0000000083a00000, 0x0000000100000000)
  region size 1024K, 0 young (0K), 0 survivors (0K)

[error occurred during error reporting (printing heap information), id 0xc0000005, EXCEPTION_ACCESS_VIOLATION (0xc0000005) at pc=0x00007ffe26096959]

GC Heap History (0 events):
No events

Dll operation events (1 events):
Event: 0.037 Loaded shared library C:\Program Files\Java\jdk-19\bin\java.dll

Deoptimization events (0 events):
No events

Classes loaded (0 events):
No events

Classes unloaded (0 events):
No events

Classes redefined (0 events):
No events

Internal exceptions (0 events):
No events

VM Operations (0 events):
No events

Events (0 events):
No events


Dynamic libraries:
0x00007ff71d490000 - 0x00007ff71d4a0000 	C:\Program Files\Java\jdk-19\bin\java.exe
0x00007ffed0140000 - 0x00007ffed03a7000 	C:\WINDOWS\SYSTEM32\ntdll.dll
0x00007ffecef00000 - 0x00007ffecefc9000 	C:\WINDOWS\System32\KERNEL32.DLL
0x00007ffecd290000 - 0x00007ffecd67f000 	C:\WINDOWS\System32\KERNELBASE.dll
0x00007ffecd910000 - 0x00007ffecda5b000 	C:\WINDOWS\System32\ucrtbase.dll
0x00007ffe9a9f0000 - 0x00007ffe9aa0b000 	C:\Program Files\Java\jdk-19\bin\VCRUNTIME140.dll
0x00007ffe9ee10000 - 0x00007ffe9ee28000 	C:\Program Files\Java\jdk-19\bin\jli.dll
0x00007ffecfc20000 - 0x00007ffecfcd4000 	C:\WINDOWS\System32\ADVAPI32.dll
0x00007ffecdee0000 - 0x00007ffecdf89000 	C:\WINDOWS\System32\msvcrt.dll
0x00007ffeceac0000 - 0x00007ffeceb66000 	C:\WINDOWS\System32\sechost.dll
0x00007ffececd0000 - 0x00007ffecede8000 	C:\WINDOWS\System32\RPCRT4.dll
0x00007ffeb7870000 - 0x00007ffeb7b03000 	C:\WINDOWS\WinSxS\amd64_microsoft.windows.common-controls_6595b64144ccf1df_6.0.26100.7309_none_3e05feeae336a044\COMCTL32.dll
0x00007ffeceba0000 - 0x00007ffecebcb000 	C:\WINDOWS\System32\GDI32.dll
0x00007ffecdfb0000 - 0x00007ffece175000 	C:\WINDOWS\System32\USER32.dll
0x00007ffecdeb0000 - 0x00007ffecded7000 	C:\WINDOWS\System32\win32u.dll
0x00007ffecd720000 - 0x00007ffecd84c000 	C:\WINDOWS\System32\gdi32full.dll
0x00007ffecda60000 - 0x00007ffecdb03000 	C:\WINDOWS\System32\msvcp_win.dll
0x00007ffec6f60000 - 0x00007ffec6f6b000 	C:\WINDOWS\SYSTEM32\VERSION.dll
0x00007ffecee50000 - 0x00007ffecee81000 	C:\WINDOWS\System32\IMM32.DLL
0x00007ffebf630000 - 0x00007ffebf63c000 	C:\Program Files\Java\jdk-19\bin\vcruntime140_1.dll
0x00007ffe67590000 - 0x00007ffe6761e000 	C:\Program Files\Java\jdk-19\bin\msvcp140.dll
0x00007ffe25950000 - 0x00007ffe26610000 	C:\Program Files\Java\jdk-19\bin\server\jvm.dll
0x00007ffec5130000 - 0x00007ffec513a000 	C:\WINDOWS\SYSTEM32\WSOCK32.dll
0x00007ffecf460000 - 0x00007ffecf4d4000 	C:\WINDOWS\System32\WS2_32.dll
0x00007ffecaa80000 - 0x00007ffecaab5000 	C:\WINDOWS\SYSTEM32\WINMM.dll
0x00007ffecc040000 - 0x00007ffecc05b000 	C:\WINDOWS\SYSTEM32\kernel.appcore.dll
0x00007ffebf010000 - 0x00007ffebf01a000 	C:\Program Files\Java\jdk-19\bin\jimage.dll
0x00007ffeca830000 - 0x00007ffecaa72000 	C:\WINDOWS\SYSTEM32\DBGHELP.DLL
0x00007ffecf890000 - 0x00007ffecfc15000 	C:\WINDOWS\System32\combase.dll
0x00007ffecf630000 - 0x00007ffecf706000 	C:\WINDOWS\System32\OLEAUT32.dll
0x00007ffeca7f0000 - 0x00007ffeca82c000 	C:\WINDOWS\SYSTEM32\dbgcore.DLL
0x00007ffecde00000 - 0x00007ffecdea5000 	C:\WINDOWS\System32\bcryptPrimitives.dll
0x00007ffe80960000 - 0x00007ffe80986000 	C:\Program Files\Java\jdk-19\bin\java.dll

dbghelp: loaded successfully - version: 4.0.5 - missing functions: none
symbol engine: initialized successfully - sym options: 0x614 - pdb path: .;C:\Program Files\Java\jdk-19\bin;C:\WINDOWS\SYSTEM32;C:\WINDOWS\WinSxS\amd64_microsoft.windows.common-controls_6595b64144ccf1df_6.0.26100.7309_none_3e05feeae336a044;C:\Program Files\Java\jdk-19\bin\server

VM Arguments:
jvm_args: -Dnet.bytebuddy.agent.attacher.dump= 
java_command: net.bytebuddy.agent.Attacher com.sun.tools.attach.VirtualMachine 20740 C:\Users\Angadi Sreenidhi\.m2\repository\net\bytebuddy\byte-buddy-agent\1.14.19\byte-buddy-agent-1.14.19.jar false 
java_class_path (initial): C:\Users\Angadi Sreenidhi\.m2\repository\net\bytebuddy\byte-buddy-agent\1.14.19\byte-buddy-agent-1.14.19.jar
Launcher Type: SUN_STANDARD

[Global flags]
     intx CICompilerCount                          = 4                                         {product} {ergonomic}
     uint ConcGCThreads                            = 2                                         {product} {ergonomic}
     uint G1ConcRefinementThreads                  = 8                                         {product} {ergonomic}
   size_t G1HeapRegionSize                         = 1048576                                   {product} {ergonomic}
    uintx GCDrainStackTargetSize                   = 64                                        {product} {ergonomic}
   size_t InitialHeapSize                          = 132120576                                 {product} {ergonomic}
   size_t MarkStackSize                            = 4194304                                   {product} {ergonomic}
   size_t MaxHeapSize                              = 2086666240                                {product} {ergonomic}
   size_t MinHeapDeltaBytes                        = 1048576                                   {product} {ergonomic}
   size_t MinHeapSize                              = 8388608                                   {product} {ergonomic}
    uintx NonNMethodCodeHeapSize                   = 5839372                                {pd product} {ergonomic}
    uintx NonProfiledCodeHeapSize                  = 122909434                              {pd product} {ergonomic}
    uintx ProfiledCodeHeapSize                     = 122909434                              {pd product} {ergonomic}
    uintx ReservedCodeCacheSize                    = 251658240                              {pd product} {ergonomic}
     bool SegmentedCodeCache                       = true                                      {product} {ergonomic}
   size_t SoftMaxHeapSize                          = 2086666240                             {manageable} {ergonomic}
     bool UseCompressedClassPointers               = true                           {product lp64_product} {ergonomic}
     bool UseCompressedOops                        = true                           {product lp64_product} {ergonomic}
     bool UseG1GC                                  = true                                      {product} {ergonomic}
     bool UseLargePagesIndividualAllocation        = false                                  {pd product} {ergonomic}

Logging:
Log output configuration:
 #0: stdout all=warning uptime,level,tags foldmultilines=false
 #1: stderr all=off uptime,level,tags foldmultilines=false

Environment Variables:
CLASSPATH=C:\Program Files\Apache Software Foundation\Tomcat 11.0\lib\mysql-connector-j-9.2.0.jar;C:\Program Files\Apache Software Foundation\Tomcat 11.0\lib\servlet-api.jar;
PATH=C:/Eclipse/eclipse/sts-4.32.2.RELEASE//plugins/org.eclipse.justj.openjdk.hotspot.jre.full.win32.x86_64_21.0.9.v20251105-0741/jre/bin/server;C:/Eclipse/eclipse/sts-4.32.2.RELEASE//plugins/org.eclipse.justj.openjdk.hotspot.jre.full.win32.x86_64_21.0.9.v20251105-0741/jre/bin;C:\Program Files\Common Files\Oracle\Java\javapath;C:\Windows\system32;C:\Windows;C:\Windows\System32\Wbem;C:\Windows\System32\WindowsPowerShell\v1.0\;C:\Windows\System32\OpenSSH\;C:\Program Files\NVIDIA Corporation\NVIDIA NvDLISR;C:\WINDOWS\system32;C:\WINDOWS;C:\WINDOWS\System32\Wbem;C:\WINDOWS\System32\WindowsPowerShell\v1.0\;C:\WINDOWS\System32\OpenSSH\;C:\Program Files\dotnet\;C:\MinGW\bin;C:\Program Files\Java\jdk-19\bin;C:\Program Files\Microsoft SQL Server\150\Tools\Binn\;C:\Program Files\Microsoft SQL Server\Client SDK\ODBC\170\Tools\Binn\;C:\Program Files\Git\cmd;C:\Users\Angadi Sreenidhi\AppData\Roaming\Python\Python311\Scripts;C:\Users\Angadi Sreenidhi\AppData\Local\nvm;C:\nvm4w\nodejs;C:\Program Files (x86)\Microsoft SQL Server\160\Tools\Binn\;C:\Program Files\Microsoft SQL Server\160\Tools\Binn\;C:\Program Files\Microsoft SQL Server\160\DTS\Binn\;C:\Users\Angadi Sreenidhi\Downloads\apache-maven-3.9.11-bin\apache-maven-3.9.11\bin;C:\Program Files\Docker\Docker\resources\bin;C:\JMeter\apache-jmeter-5.6.3\bin;C:\kafka\kafka_2.13-4.1.1\bin\windows;C:\Program Files\MySQL\MySQL Server 8.0\bin;C:\Program Files\MySQL\MySQL Shell 8.0\bin\;C:\Users\Angadi Sreenidhi\AppData\Local\Microsoft\WindowsApps;C:\msys64\mingw64\bin;C:\Users\Angadi Sreenidhi\.dotnet\tools;C:\Users\Angadi Sreenidhi\AppData\Local\Programs\Microsoft VS Code\bin;C:\Users\Angadi Sreenidhi\AppData\Roaming\npm;C:\Users\Angadi Sreenidhi\AppData\Local\Programs\mongosh\;C:\Users\Angadi Sreenidhi\Documents\Flutter\flutter\bin;C:\Program Files\JetBrains\IntelliJ IDEA 2024.3.5\bin;;C:\Users\Angadi Sreenidhi\AppData\Local\JetBrains\IntelliJ IDEA Community Edition 2024.3.5\bin;;C:\Users\Angadi Sreenidhi\AppData\Roaming\Python\Python311\Scripts;C:\Users\Angadi Sreenidhi\AppData\Local\nvm;C:\nvm4w\nodejs;C:\Eclipse\eclipse\sts-4.32.2.RELEASE;
USERNAME=Angadi Sreenidhi
OS=Windows_NT
PROCESSOR_IDENTIFIER=Intel64 Family 6 Model 126 Stepping 5, GenuineIntel
TMP=C:\Users\ANGADI~1\AppData\Local\Temp
TEMP=C:\Users\ANGADI~1\AppData\Local\Temp



---------------  S Y S T E M  ---------------

OS:
 Windows 11 , 64 bit Build 26100 (10.0.26100.7309)
OS uptime: 4 days 17:29 hours
Hyper-V role detected

CPU: total 8 (initial active 8) (4 cores per cpu, 2 threads per core) family 6 model 126 stepping 5 microcode 0xc2, cx8, cmov, fxsr, ht, mmx, 3dnowpref, sse, sse2, sse3, ssse3, sse4.1, sse4.2, popcnt, lzcnt, tsc, tscinvbit, avx, avx2, aes, erms, clmul, bmi1, bmi2, adx, avx512f, avx512dq, avx512cd, avx512bw, avx512vl, sha, fma, vzeroupper, avx512_vpopcntdq, avx512_vpclmulqdq, avx512_vaes, avx512_vnni, clflush, clflushopt, avx512_vbmi2, avx512_vbmi, hv, rdtscp, rdpid, fsrm, gfni, avx512_bitalg

Memory: 4k page, system-wide physical 7959M (521M free)
TotalPageFile size 32535M (AvailPageFile size 10M)
current process WorkingSet (physical memory assigned to process): 13M, peak: 13M
current process commit charge ("private bytes"): 60M, peak: 186M

vm_info: Java HotSpot(TM) 64-Bit Server VM (19.0.1+10-21) for windows-amd64 JRE (19.0.1+10-21), built on 2022-09-14T12:45:06Z by "mach5one" with MS VC++ 17.1 (VS2022)

END.
